2023-09-19T10:02:26.583+05:30  INFO 17280 --- [restartedMain] c.m.p.ProjectCharterApplication          : Starting ProjectCharterApplication using Java 17.0.7 with PID 17280 (C:\Users\ruchikaa\Downloads\customer-session-portal-matthew\project-charter\target\classes started by ruchikaa in C:\Users\ruchikaa\Downloads\customer-session-portal-matthew\project-charter)
2023-09-19T10:02:26.717+05:30  INFO 17280 --- [restartedMain] c.m.p.ProjectCharterApplication          : No active profile set, falling back to 1 default profile: "default"
2023-09-19T10:02:27.091+05:30  INFO 17280 --- [restartedMain] .e.DevToolsPropertyDefaultsPostProcessor : Devtools property defaults active! Set 'spring.devtools.add-properties' to 'false' to disable
2023-09-19T10:02:27.091+05:30  INFO 17280 --- [restartedMain] .e.DevToolsPropertyDefaultsPostProcessor : For additional web related logging consider setting the 'logging.level.web' property to 'DEBUG'
2023-09-19T10:02:33.801+05:30  INFO 17280 --- [restartedMain] .s.d.r.c.RepositoryConfigurationDelegate : Bootstrapping Spring Data JPA repositories in DEFAULT mode.
2023-09-19T10:02:34.587+05:30  INFO 17280 --- [restartedMain] .s.d.r.c.RepositoryConfigurationDelegate : Finished Spring Data repository scanning in 683 ms. Found 3 JPA repository interfaces.
2023-09-19T10:02:41.780+05:30  INFO 17280 --- [restartedMain] o.s.b.w.embedded.tomcat.TomcatWebServer  : Tomcat initialized with port(s): 8080 (http)
2023-09-19T10:02:41.937+05:30  INFO 17280 --- [restartedMain] o.apache.catalina.core.StandardService   : Starting service [Tomcat]
2023-09-19T10:02:41.939+05:30  INFO 17280 --- [restartedMain] o.apache.catalina.core.StandardEngine    : Starting Servlet engine: [Apache Tomcat/10.1.11]
2023-09-19T10:02:42.614+05:30  INFO 17280 --- [restartedMain] o.a.c.c.C.[Tomcat].[localhost].[/]       : Initializing Spring embedded WebApplicationContext
2023-09-19T10:02:42.617+05:30  INFO 17280 --- [restartedMain] w.s.c.ServletWebServerApplicationContext : Root WebApplicationContext: initialization completed in 15525 ms
2023-09-19T10:02:44.835+05:30  INFO 17280 --- [restartedMain] o.hibernate.jpa.internal.util.LogHelper  : HHH000204: Processing PersistenceUnitInfo [name: default]
2023-09-19T10:02:49.765+05:30  INFO 17280 --- [restartedMain] org.hibernate.Version                    : HHH000412: Hibernate ORM core version 6.2.6.Final
2023-09-19T10:02:49.824+05:30  INFO 17280 --- [restartedMain] org.hibernate.cfg.Environment            : HHH000406: Using bytecode reflection optimizer
2023-09-19T10:02:51.300+05:30  INFO 17280 --- [restartedMain] o.h.b.i.BytecodeProviderInitiator        : HHH000021: Bytecode provider name : bytebuddy
2023-09-19T10:02:52.901+05:30  INFO 17280 --- [restartedMain] o.s.o.j.p.SpringPersistenceUnitInfo      : No LoadTimeWeaver setup: ignoring JPA class transformer
2023-09-19T10:02:53.068+05:30  INFO 17280 --- [restartedMain] com.zaxxer.hikari.HikariDataSource       : HikariPool-1 - Starting...
2023-09-19T10:02:55.369+05:30  INFO 17280 --- [restartedMain] com.zaxxer.hikari.pool.HikariPool        : HikariPool-1 - Added connection com.mysql.cj.jdbc.ConnectionImpl@33660e15
2023-09-19T10:02:55.376+05:30  INFO 17280 --- [restartedMain] com.zaxxer.hikari.HikariDataSource       : HikariPool-1 - Start completed.
2023-09-19T10:02:57.092+05:30  INFO 17280 --- [restartedMain] o.h.b.i.BytecodeProviderInitiator        : HHH000021: Bytecode provider name : bytebuddy
2023-09-19T10:03:00.564+05:30  INFO 17280 --- [restartedMain] o.h.e.t.j.p.i.JtaPlatformInitiator       : HHH000490: Using JtaPlatform implementation: [org.hibernate.engine.transaction.jta.platform.internal.NoJtaPlatform]
2023-09-19T10:03:01.150+05:30  INFO 17280 --- [restartedMain] j.LocalContainerEntityManagerFactoryBean : Initialized JPA EntityManagerFactory for persistence unit 'default'
2023-09-19T10:03:03.765+05:30  INFO 17280 --- [restartedMain] c.m.projectcharter.aop.LoggingAspect     : Executing: CorsConfig.corsConfigurationSource()
2023-09-19T10:03:03.829+05:30  INFO 17280 --- [restartedMain] c.m.projectcharter.aop.LoggingAspect     : Response: org.springframework.web.cors.UrlBasedCorsConfigurationSource@42ba7eb8
2023-09-19T10:03:05.000+05:30  WARN 17280 --- [restartedMain] JpaBaseConfiguration$JpaWebConfiguration : spring.jpa.open-in-view is enabled by default. Therefore, database queries may be performed during view rendering. Explicitly configure spring.jpa.open-in-view to disable this warning
2023-09-19T10:03:08.186+05:30  INFO 17280 --- [restartedMain] o.s.b.d.a.OptionalLiveReloadServer       : LiveReload server is running on port 35729
2023-09-19T10:03:08.364+05:30  INFO 17280 --- [restartedMain] o.s.b.w.embedded.tomcat.TomcatWebServer  : Tomcat started on port(s): 8080 (http) with context path ''
2023-09-19T10:03:08.396+05:30  INFO 17280 --- [restartedMain] c.m.p.ProjectCharterApplication          : Started ProjectCharterApplication in 44.101 seconds (process running for 50.358)
2023-09-19T10:10:41.845+05:30  INFO 17280 --- [RMI TCP Connection(11)-127.0.0.1] inMXBeanRegistrar$SpringApplicationAdmin : Application shutdown requested.
2023-09-19T10:10:42.209+05:30  INFO 17280 --- [RMI TCP Connection(11)-127.0.0.1] o.apache.catalina.core.StandardService   : Stopping service [Tomcat]
2023-09-19T10:10:42.329+05:30  INFO 17280 --- [RMI TCP Connection(11)-127.0.0.1] j.LocalContainerEntityManagerFactoryBean : Closing JPA EntityManagerFactory for persistence unit 'default'
2023-09-19T10:10:42.381+05:30  INFO 17280 --- [RMI TCP Connection(11)-127.0.0.1] com.zaxxer.hikari.HikariDataSource       : HikariPool-1 - Shutdown initiated...
2023-09-19T10:10:42.467+05:30  INFO 17280 --- [RMI TCP Connection(11)-127.0.0.1] com.zaxxer.hikari.HikariDataSource       : HikariPool-1 - Shutdown completed.
